0 info it worked if it ends with ok
1 verbose cli [ 'node', '/home/jack/npm/bin/npm', 'publish' ]
2 info using npm@2.1.6
3 info using node@v0.10.33
4 verbose node symlink /usr/bin/node
5 verbose publish [ '.' ]
6 silly cache add args [ '.', null ]
7 verbose cache add spec .
8 silly cache add parsed spec { raw: '.',
8 silly cache add   scope: null,
8 silly cache add   name: null,
8 silly cache add   rawSpec: '.',
8 silly cache add   spec: '/home/jack/projects/semantic/repos/accordion',
8 silly cache add   type: 'directory' }
9 verbose tar pack [ '/home/jack/.npm/semantic-ui-accordion/1.10.1/package.tgz',
9 verbose tar pack   '/home/jack/projects/semantic/repos/accordion' ]
10 verbose tarball /home/jack/.npm/semantic-ui-accordion/1.10.1/package.tgz
11 verbose folder /home/jack/projects/semantic/repos/accordion
12 info prepublish semantic-ui-accordion@1.10.1
13 verbose addLocalTarball adding from inside cache /home/jack/.npm/semantic-ui-accordion/1.10.1/package.tgz
14 silly cache afterAdd semantic-ui-accordion@1.10.1
15 verbose afterAdd /home/jack/.npm/semantic-ui-accordion/1.10.1/package/package.json not in flight; writing
16 verbose afterAdd /home/jack/.npm/semantic-ui-accordion/1.10.1/package/package.json written
17 silly publish { name: 'semantic-ui-accordion',
17 silly publish   version: '1.10.1',
17 silly publish   title: 'Semantic UI - Accordion',
17 silly publish   description: 'Single component release of accordion',
17 silly publish   homepage: 'http://www.semantic-ui.com',
17 silly publish   author: { name: 'Jack Lukic', email: 'jack@semantic-ui.com' },
17 silly publish   license: 'MIT',
17 silly publish   repository:
17 silly publish    { type: 'git',
17 silly publish      url: 'https://github.com/Semantic-Org/UI-Accordion.git' },
17 silly publish   bugs: { url: 'https://github.com/Semantic-Org/Semantic-UI/issues' },
17 silly publish   devDependencies: {},
17 silly publish   readme: '# Semantic Accordion\n\nThis repository contains pre-compiled accordion files using the default themes. This is intended for use in projects that do not need all the bells and whistles of Semantic UI, and want to keep file size to a minimum.\n\nFor the latest changes please see the [Release Notes](https://github.com/Semantic-Org/UI-Accordion/blob/master/RELEASE-NOTES.md)\n\nIf you\'re looking for the full version of Semantic including all components and build tools [check out the main project repository](https://github.com/Semantic-Org/Semantic-UI/tree/1.0)\n\n#### To install with Bower\n```\nbower install semantic-ui-accordion\n```\n\n#### To install with NPM\n```\nnpm install semantic-ui-accordion\n```\n\n#### To install with Meteor\n```\nmeteor add semantic:ui-accordion\n```\n\n\n## Addendum\n\nThis element\'s definitions (required class names, html structures) are available in the [UI Docs](http://www.semantic-ui.com)\n\nPlease consider checking out [all the benefits to theming](http://www.learnsemantic.com/guide/expert.html) before using these stand-alone releases.\n',
17 silly publish   readmeFilename: 'README.md',
17 silly publish   gitHead: 'e890fc9f27bf5b0f665f384326d9db8570f3ce99',
17 silly publish   _id: 'semantic-ui-accordion@1.10.1',
17 silly publish   scripts: {},
17 silly publish   _shasum: '62a8376dbac00cf4a130cd69687422d88d59d661',
17 silly publish   _from: '.' }
18 verbose mapToRegistry name semantic-ui-accordion
19 verbose mapToRegistry uri https://registry.npmjs.org/semantic-ui-accordion
20 verbose publish registryBase https://registry.npmjs.org/
21 verbose request on initialization, where is /semantic-ui-accordion
22 verbose request after pass 1, where is /semantic-ui-accordion
23 verbose request url raw /semantic-ui-accordion
24 verbose request resolving registry [ 'https://registry.npmjs.org/', './semantic-ui-accordion' ]
25 verbose request after pass 2, where is https://registry.npmjs.org/semantic-ui-accordion
26 verbose request sending authorization for write operation
27 info attempt registry request try #1 at 12:29:12
28 verbose request id 699820767a66616c
29 http request PUT https://registry.npmjs.org/semantic-ui-accordion
30 http 403 https://registry.npmjs.org/semantic-ui-accordion
31 verbose headers { date: 'Tue, 24 Feb 2015 17:29:15 GMT',
31 verbose headers   server: 'CouchDB/1.5.0 (Erlang OTP/R16B03)',
31 verbose headers   'content-type': 'application/json',
31 verbose headers   'cache-control': 'max-age=60',
31 verbose headers   'content-length': '3458',
31 verbose headers   'accept-ranges': 'bytes',
31 verbose headers   via: '1.1 varnish',
31 verbose headers   'x-served-by': 'cache-jfk1020-JFK',
31 verbose headers   'x-cache': 'MISS',
31 verbose headers   'x-cache-hits': '0',
31 verbose headers   'x-timer': 'S1424798955.253876,VS0,VE160',
31 verbose headers   'keep-alive': 'timeout=10, max=50',
31 verbose headers   connection: 'Keep-Alive' }
32 error publish Failed PUT 403
33 verbose stack Error: forbidden cannot modify pre-existing version: 1.10.1
33 verbose stack old={"name":"semantic-ui-accordion","version":"1.10.1","title":"Semantic UI - Accordion","description":"Single component release of accordion","homepage":"http://www.semantic-ui.com","author":{"name":"Jack Lukic","email":"jack@semantic-ui.com"},"license":"MIT","repository":{"type":"git","url":"https://github.com/Semantic-Org/UI-Accordion.git"},"bugs":{"url":"https://github.com/Semantic-Org/Semantic-UI/issues"},"devDependencies":{},"gitHead":"e890fc9f27bf5b0f665f384326d9db8570f3ce99","_id":"semantic-ui-accordion@1.10.1","scripts":{},"_shasum":"62a8376dbac00cf4a130cd69687422d88d59d661","_from":".","_npmVersion":"2.1.6","_nodeVersion":"0.10.33","_npmUser":{"name":"semantic-bot","email":"bot@semantic-ui.com"},"maintainers":[{"name":"semantic-bot","email":"bot@semantic-ui.com"}],"dist":{"shasum":"62a8376dbac00cf4a130cd69687422d88d59d661","tarball":"http://registry.npmjs.org/semantic-ui-accordion/-/semantic-ui-accordion-1.10.1.tgz"}}
33 verbose stack new={"name":"semantic-ui-accordion","version":"1.10.1","title":"Semantic UI - Accordion","description":"Single component release of accordion","homepage":"http://www.semantic-ui.com","author":{"name":"Jack Lukic","email":"jack@semantic-ui.com"},"license":"MIT","repository":{"type":"git","url":"https://github.com/Semantic-Org/UI-Accordion.git"},"bugs":{"url":"https://github.com/Semantic-Org/Semantic-UI/issues"},"devDependencies":{},"readme":"# Semantic Accordion\u000a\u000aThis repository contains pre-compiled accordion files using the default themes. This is intended for use in projects that do not need all the bells and whistles of Semantic UI, and want to keep file size to a minimum.\u000a\u000aFor the latest changes please see the [Release Notes](https://github.com/Semantic-Org/UI-Accordion/blob/master/RELEASE-NOTES.md)\u000a\u000aIf you're looking for the full version of Semantic including all components and build tools [check out the main project repository](https://github.com/Semantic-Org/Semantic-UI/tree/1.0)\u000a\u000a#### To install with Bower\u000a```\u000abower install semantic-ui-accordion\u000a```\u000a\u000a#### To install with NPM\u000a```\u000anpm install semantic-ui-accordion\u000a```\u000a\u000a#### To install with Meteor\u000a```\u000ameteor add semantic:ui-accordion\u000a```\u000a\u000a\u000a## Addendum\u000a\u000aThis element's definitions (required class names, html structures) are available in the [UI Docs](http://www.semantic-ui.com)\u000a\u000aPlease consider checking out [all the benefits to theming](http://www.learnsemantic.com/guide/expert.html) before using these stand-alone releases.\u000a","readmeFilename":"README.md","gitHead":"e890fc9f27bf5b0f665f384326d9db8570f3ce99","_id":"semantic-ui-accordion@1.10.1","scripts":{},"_shasum":"62a8376dbac00cf4a130cd69687422d88d59d661","_from":".","_npmVersion":"2.1.6","_nodeVersion":"0.10.33","_npmUser":{"name":"semantic-bot","email":"bot@semantic-ui.com"},"maintainers":[{"name":"semantic-bot","email":"bot@semantic-ui.com"}],"dist":{"shasum":"62a8376dbac00cf4a130cd69687422d88d59d661","tarball":"http://registry.npmjs.org/semantic-ui-accordion/-/semantic-ui-accordion-1.10.1.tgz"}}: semantic-ui-accordion
33 verbose stack     at RegClient.<anonymous> (/home/jack/npm/lib/node_modules/npm/node_modules/npm-registry-client/lib/request.js:260:14)
33 verbose stack     at Request._callback (/home/jack/npm/lib/node_modules/npm/node_modules/npm-registry-client/lib/request.js:197:65)
33 verbose stack     at Request.self.callback (/home/jack/npm/lib/node_modules/npm/node_modules/request/request.js:364:22)
33 verbose stack     at Request.emit (events.js:98:17)
33 verbose stack     at Request.<anonymous> (/home/jack/npm/lib/node_modules/npm/node_modules/request/request.js:1318:14)
33 verbose stack     at Request.emit (events.js:117:20)
33 verbose stack     at IncomingMessage.<anonymous> (/home/jack/npm/lib/node_modules/npm/node_modules/request/request.js:1266:12)
33 verbose stack     at IncomingMessage.emit (events.js:117:20)
33 verbose stack     at _stream_readable.js:943:16
33 verbose stack     at process._tickCallback (node.js:419:13)
34 verbose statusCode 403
35 verbose pkgid semantic-ui-accordion
36 verbose cwd /home/jack/projects/semantic/repos/accordion
37 error Linux 3.13.0-45-generic
38 error argv "node" "/home/jack/npm/bin/npm" "publish"
39 error node v0.10.33
40 error npm  v2.1.6
41 error code E403
42 error forbidden cannot modify pre-existing version: 1.10.1
42 error old={"name":"semantic-ui-accordion","version":"1.10.1","title":"Semantic UI - Accordion","description":"Single component release of accordion","homepage":"http://www.semantic-ui.com","author":{"name":"Jack Lukic","email":"jack@semantic-ui.com"},"license":"MIT","repository":{"type":"git","url":"https://github.com/Semantic-Org/UI-Accordion.git"},"bugs":{"url":"https://github.com/Semantic-Org/Semantic-UI/issues"},"devDependencies":{},"gitHead":"e890fc9f27bf5b0f665f384326d9db8570f3ce99","_id":"semantic-ui-accordion@1.10.1","scripts":{},"_shasum":"62a8376dbac00cf4a130cd69687422d88d59d661","_from":".","_npmVersion":"2.1.6","_nodeVersion":"0.10.33","_npmUser":{"name":"semantic-bot","email":"bot@semantic-ui.com"},"maintainers":[{"name":"semantic-bot","email":"bot@semantic-ui.com"}],"dist":{"shasum":"62a8376dbac00cf4a130cd69687422d88d59d661","tarball":"http://registry.npmjs.org/semantic-ui-accordion/-/semantic-ui-accordion-1.10.1.tgz"}}
42 error new={"name":"semantic-ui-accordion","version":"1.10.1","title":"Semantic UI - Accordion","description":"Single component release of accordion","homepage":"http://www.semantic-ui.com","author":{"name":"Jack Lukic","email":"jack@semantic-ui.com"},"license":"MIT","repository":{"type":"git","url":"https://github.com/Semantic-Org/UI-Accordion.git"},"bugs":{"url":"https://github.com/Semantic-Org/Semantic-UI/issues"},"devDependencies":{},"readme":"# Semantic Accordion\u000a\u000aThis repository contains pre-compiled accordion files using the default themes. This is intended for use in projects that do not need all the bells and whistles of Semantic UI, and want to keep file size to a minimum.\u000a\u000aFor the latest changes please see the [Release Notes](https://github.com/Semantic-Org/UI-Accordion/blob/master/RELEASE-NOTES.md)\u000a\u000aIf you're looking for the full version of Semantic including all components and build tools [check out the main project repository](https://github.com/Semantic-Org/Semantic-UI/tree/1.0)\u000a\u000a#### To install with Bower\u000a```\u000abower install semantic-ui-accordion\u000a```\u000a\u000a#### To install with NPM\u000a```\u000anpm install semantic-ui-accordion\u000a```\u000a\u000a#### To install with Meteor\u000a```\u000ameteor add semantic:ui-accordion\u000a```\u000a\u000a\u000a## Addendum\u000a\u000aThis element's definitions (required class names, html structures) are available in the [UI Docs](http://www.semantic-ui.com)\u000a\u000aPlease consider checking out [all the benefits to theming](http://www.learnsemantic.com/guide/expert.html) before using these stand-alone releases.\u000a","readmeFilename":"README.md","gitHead":"e890fc9f27bf5b0f665f384326d9db8570f3ce99","_id":"semantic-ui-accordion@1.10.1","scripts":{},"_shasum":"62a8376dbac00cf4a130cd69687422d88d59d661","_from":".","_npmVersion":"2.1.6","_nodeVersion":"0.10.33","_npmUser":{"name":"semantic-bot","email":"bot@semantic-ui.com"},"maintainers":[{"name":"semantic-bot","email":"bot@semantic-ui.com"}],"dist":{"shasum":"62a8376dbac00cf4a130cd69687422d88d59d661","tarball":"http://registry.npmjs.org/semantic-ui-accordion/-/semantic-ui-accordion-1.10.1.tgz"}}: semantic-ui-accordion
43 error If you need help, you may report this error at:
43 error     <http://github.com/npm/npm/issues>
44 verbose exit [ 1, true ]
